SF:lib/models/favorites.dart
DA:5,4
DA:7,2
DA:8,4
DA:9,2
DA:12,2
DA:13,4
DA:14,2
LF:7
LH:7
end_of_record
SF:lib/screens/home.dart
DA:10,1
DA:12,1
DA:14,1
DA:15,1
DA:17,1
DA:18,1
DA:19,0
DA:20,0
DA:27,1
DA:31,2
DA:40,1
DA:42,1
DA:44,1
DA:46,1
DA:48,1
DA:49,1
DA:50,4
DA:52,1
DA:53,2
DA:54,3
DA:56,1
DA:57,3
DA:58,3
DA:61,1
DA:62,3
DA:63,2
DA:64,2
DA:65,2
DA:66,1
DA:67,4
LF:30
LH:28
end_of_record
SF:lib/screens/favorites_screen.dart
DA:7,0
DA:11,0
DA:13,0
DA:14,0
DA:17,0
DA:18,0
DA:19,0
DA:21,0
DA:29,0
DA:33,0
DA:35,0
DA:37,0
DA:38,0
DA:39,0
DA:41,0
DA:42,0
DA:43,0
DA:45,0
DA:46,0
DA:48,0
DA:49,0
DA:50,0
LF:22
LH:0
end_of_record
